This is pdfTeX, Version 3.1415926-2.3-1.40.12 (MiKTeX 2.9) (preloaded format=latex 2015.4.17)  26 MAR 2016 16:56
entering extended mode
**main.tex
(F:\latex\wcy\LaTeXFileforXMUThesis\wcy\main.tex
LaTeX2e <2011/06/27>
Babel <v3.8m> and hyphenation patterns for english, afrikaans, ancientgreek, ar
abic, armenian, assamese, basque, bengali, bokmal, bulgarian, catalan, coptic, 
croatian, czech, danish, dutch, esperanto, estonian, farsi, finnish, french, ga
lician, german, german-x-2009-06-19, greek, gujarati, hindi, hungarian, iceland
ic, indonesian, interlingua, irish, italian, kannada, kurmanji, lao, latin, lat
vian, lithuanian, malayalam, marathi, mongolian, mongolianlmc, monogreek, ngerm
an, ngerman-x-2009-06-19, nynorsk, oriya, panjabi, pinyin, polish, portuguese, 
romanian, russian, sanskrit, serbian, slovak, slovenian, spanish, swedish, swis
sgerman, tamil, telugu, turkish, turkmen, ukenglish, ukrainian, uppersorbian, u
senglishmax, welsh, loaded.
(D:\CTEX\MiKTeX\tex\latex\base\book.cls
Document Class: book 2007/10/19 v1.4h Standard LaTeX document class
(D:\CTEX\MiKTeX\tex\latex\base\bk12.clo
File: bk12.clo 2007/10/19 v1.4h Standard LaTeX file (size option)
)
\c@part=\count79
\c@chapter=\count80
\c@section=\count81
\c@subsection=\count82
\c@subsubsection=\count83
\c@paragraph=\count84
\c@subparagraph=\count85
\c@figure=\count86
\c@table=\count87
\abovecaptionskip=\skip41
\belowcaptionskip=\skip42
\bibindent=\dimen102
)
(F:\latex\wcy\LaTeXFileforXMUThesis\wcy\setup/package.tex
(D:\CTEX\MiKTeX\tex\latex\hyperref\hyperref.sty
Package: hyperref 2012/02/06 v6.82o Hypertext links for LaTeX

(D:\CTEX\MiKTeX\tex\generic\oberdiek\hobsub-hyperref.sty
Package: hobsub-hyperref 2011/04/23 v1.4 Bundle oberdiek, subset hyperref (HO)

(D:\CTEX\MiKTeX\tex\generic\oberdiek\hobsub-generic.sty
Package: hobsub-generic 2011/04/23 v1.4 Bundle oberdiek, subset generic (HO)
Package: hobsub 2011/04/23 v1.4 Subsetting bundle oberdiek (HO)
Package: infwarerr 2010/04/08 v1.3 Providing info/warning/message (HO)
Package: ltxcmds 2011/04/18 v1.20 LaTeX kernel commands for general use (HO)
Package: ifluatex 2010/03/01 v1.3 Provides the ifluatex switch (HO)
Package ifluatex Info: LuaTeX not detected.
Package: ifvtex 2010/03/01 v1.5 Switches for detecting VTeX and its modes (HO)
Package ifvtex Info: VTeX not detected.
Package: intcalc 2007/09/27 v1.1 Expandable integer calculations (HO)
Package: ifpdf 2011/01/30 v2.3 Provides the ifpdf switch (HO)
Package ifpdf Info: pdfTeX in PDF mode is not detected.
Package: etexcmds 2011/02/16 v1.5 Prefix for e-TeX command names (HO)
Package etexcmds Info: Could not find \expanded.
(etexcmds)             That can mean that you are not using pdfTeX 1.50 or
(etexcmds)             that some package has redefined \expanded.
(etexcmds)             In the latter case, load this package earlier.
Package: kvsetkeys 2011/04/07 v1.13 Key value parser (HO)
Package: kvdefinekeys 2011/04/07 v1.3 Defining keys (HO)
Package: pdftexcmds 2011/04/22 v0.16 Utilities of pdfTeX for LuaTeX (HO)
Package pdftexcmds Info: LuaTeX not detected.
Package pdftexcmds Info: \pdf@primitive is available.
Package pdftexcmds Info: \pdf@ifprimitive is available.
Package pdftexcmds Info: \pdfdraftmode is ignored in DVI mode.
Package: pdfescape 2011/04/04 v1.12 Provides string conversions (HO)
Package: bigintcalc 2011/01/30 v1.2 Expandable big integer calculations (HO)
Package: bitset 2011/01/30 v1.1 Data type bit set (HO)
Package: uniquecounter 2011/01/30 v1.2 Provides unlimited unique counter (HO)
)
Package hobsub Info: Skipping package `hobsub' (already loaded).
Package: letltxmacro 2010/09/02 v1.4 Let assignment for LaTeX macros (HO)
Package: hopatch 2011/01/30 v1.0 Wrapper for package hooks (HO)
Package: xcolor-patch 2011/01/30 xcolor patch
Package: atveryend 2011/04/23 v1.7 Hooks at very end of document (HO)
Package: atbegshi 2011/01/30 v1.15 At begin shipout hook (HO)
Package: refcount 2010/12/01 v3.2 Data extraction from references (HO)
Package: hycolor 2011/01/30 v1.7 Color options of hyperref/bookmark (HO)
)
(D:\CTEX\MiKTeX\tex\latex\graphics\keyval.sty
Package: keyval 1999/03/16 v1.13 key=value parser (DPC)
\KV@toks@=\toks14
)
(D:\CTEX\MiKTeX\tex\generic\ifxetex\ifxetex.sty
Package: ifxetex 2010/09/12 v0.6 Provides ifxetex conditional
)
(D:\CTEX\MiKTeX\tex\latex\oberdiek\kvoptions.sty
Package: kvoptions 2010/12/23 v3.10 Keyval support for LaTeX options (HO)
)
\@linkdim=\dimen103
\Hy@linkcounter=\count88
\Hy@pagecounter=\count89

(D:\CTEX\MiKTeX\tex\latex\hyperref\pd1enc.def
File: pd1enc.def 2012/02/06 v6.82o Hyperref: PDFDocEncoding definition (HO)
)
\Hy@SavedSpaceFactor=\count90

(D:\CTEX\MiKTeX\tex\latex\00miktex\hyperref.cfg
File: hyperref.cfg 2002/06/06 v1.2 hyperref configuration of TeXLive
)
Package hyperref Info: Option `CJKbookmarks' set `true' on input line 3925.
Package hyperref Info: Option `bookmarksnumbered' set `true' on input line 3925
.
Package hyperref Info: Option `bookmarksopen' set `true' on input line 3925.
Package hyperref Info: Option `colorlinks' set `false' on input line 3925.
Package hyperref Info: Hyper figures OFF on input line 4046.
Package hyperref Info: Link nesting OFF on input line 4051.
Package hyperref Info: Hyper index ON on input line 4054.
Package hyperref Info: Plain pages OFF on input line 4061.
Package hyperref Info: Backreferencing OFF on input line 4066.
Package hyperref Info: Implicit mode ON; LaTeX internals redefined.
Package hyperref Info: Bookmarks ON on input line 4284.
\c@Hy@tempcnt=\count91

(D:\CTEX\MiKTeX\tex\latex\ltxmisc\url.sty
\Urlmuskip=\muskip10
Package: url 2006/04/12  ver 3.3  Verb mode for urls, etc.
)
LaTeX Info: Redefining \url on input line 4637.
\Fld@menulength=\count92
\Field@Width=\dimen104
\Fld@charsize=\dimen105
Package hyperref Info: Hyper figures OFF on input line 5757.
Package hyperref Info: Link nesting OFF on input line 5762.
Package hyperref Info: Hyper index ON on input line 5765.
Package hyperref Info: backreferencing OFF on input line 5772.
Package hyperref Info: Link coloring OFF on input line 5777.
Package hyperref Info: Link coloring with OCG OFF on input line 5782.
Package hyperref Info: PDF/A mode OFF on input line 5787.
LaTeX Info: Redefining \ref on input line 5827.
LaTeX Info: Redefining \pageref on input line 5831.
\Hy@abspage=\count93
\c@Item=\count94
\c@Hfootnote=\count95
)

Package hyperref Message: Driver: hdvipdfm.

(D:\CTEX\MiKTeX\tex\latex\hyperref\hdvipdfm.def
File: hdvipdfm.def 2012/02/06 v6.82o Hyperref driver for dvipdfm
\pdfm@box=\box26
\c@Hy@AnnotLevel=\count96
\HyField@AnnotCount=\count97
\Fld@listcount=\count98
\c@bookmark@seq@number=\count99

(D:\CTEX\MiKTeX\tex\latex\oberdiek\rerunfilecheck.sty
Package: rerunfilecheck 2011/04/15 v1.7 Rerun checks for auxiliary files (HO)
Package uniquecounter Info: New unique counter `rerunfilecheck' on input line 2
82.
)
\Hy@SectionHShift=\skip43
)
(D:\CTEX\MiKTeX\tex\latex\graphics\graphicx.sty
Package: graphicx 1999/02/16 v1.0f Enhanced LaTeX Graphics (DPC,SPQR)

(D:\CTEX\MiKTeX\tex\latex\graphics\graphics.sty
Package: graphics 2009/02/05 v1.0o Standard LaTeX Graphics (DPC,SPQR)

(D:\CTEX\MiKTeX\tex\latex\graphics\trig.sty
Package: trig 1999/03/16 v1.09 sin cos tan (DPC)
)
(D:\CTEX\MiKTeX\tex\latex\00miktex\graphics.cfg
File: graphics.cfg 2007/01/18 v1.5 graphics configuration of teTeX/TeXLive
)
Package graphics Info: Driver file: dvips.def on input line 91.

(D:\CTEX\MiKTeX\tex\latex\graphics\dvips.def
File: dvips.def 1999/02/16 v3.0i Driver-dependant file (DPC,SPQR)
))
\Gin@req@height=\dimen106
\Gin@req@width=\dimen107
)
(D:\CTEX\MiKTeX\tex\latex\subfigure\subfigure.sty
Package: subfigure 2002/07/30 v2.1.4 subfigure package
\subfigtopskip=\skip44
\subfigcapskip=\skip45
\subfigcaptopadj=\dimen108
\subfigbottomskip=\skip46
\subfigcapmargin=\dimen109
\subfiglabelskip=\skip47
\c@subfigure=\count100
\c@lofdepth=\count101
\c@subtable=\count102
\c@lotdepth=\count103

****************************************
* Local config file subfigure.cfg used *
****************************************
(D:\CTEX\MiKTeX\tex\latex\subfigure\subfigure.cfg)
\subfig@top=\skip48
\subfig@bottom=\skip49
)
(D:\CTEX\MiKTeX\tex\latex\graphics\color.sty
Package: color 2005/11/14 v1.0j Standard LaTeX Color (DPC)

(D:\CTEX\MiKTeX\tex\latex\00miktex\color.cfg
File: color.cfg 2007/01/18 v1.5 color configuration of teTeX/TeXLive
)
Package color Info: Driver file: dvips.def on input line 130.

(D:\CTEX\MiKTeX\tex\latex\graphics\dvipsnam.def
File: dvipsnam.def 1999/02/16 v3.0i Driver-dependant file (DPC,SPQR)
))
(D:\CTEX\MiKTeX\tex\latex\graphics\epsfig.sty
Package: epsfig 1999/02/16 v1.7a (e)psfig emulation (SPQR)
\epsfxsize=\dimen110
\epsfysize=\dimen111
)
(D:\CTEX\MiKTeX\tex\latex\tools\indentfirst.sty
Package: indentfirst 1995/11/23 v1.03 Indent first paragraph (DPC)
)
(D:\CTEX\MiKTeX\tex\latex\float\float.sty
Package: float 2001/11/08 v1.3d Float enhancements (AL)
\c@float@type=\count104
\float@exts=\toks15
\float@box=\box27
\@float@everytoks=\toks16
\@floatcapt=\box28
)
(D:\CTEX\MiKTeX\tex\latex\geometry\geometry.sty
Package: geometry 2010/09/12 v5.6 Page Geometry
\Gm@cnth=\count105
\Gm@cntv=\count106
\c@Gm@tempcnt=\count107
\Gm@bindingoffset=\dimen112
\Gm@wd@mp=\dimen113
\Gm@odd@mp=\dimen114
\Gm@even@mp=\dimen115
\Gm@layoutwidth=\dimen116
\Gm@layoutheight=\dimen117
\Gm@layouthoffset=\dimen118
\Gm@layoutvoffset=\dimen119
\Gm@dimlist=\toks17

(D:\CTEX\MiKTeX\tex\latex\geometry\geometry.cfg))
(D:\CTEX\MiKTeX\tex\latex\cjk\CJK.sty
Package: CJK 2008/12/29 4.8.2

(D:\CTEX\MiKTeX\tex\latex\cjk\mule\MULEenc.sty
Package: MULEenc 2008/12/29 4.8.2
)
(D:\CTEX\MiKTeX\tex\latex\cjk\CJK.enc
File: CJK.enc 2008/12/29 4.8.2
)
LaTeX Info: Redefining \selectfont on input line 756.
\CJK@indent=\box29
)
(D:\CTEX\MiKTeX\tex\latex\footmisc\footmisc.sty
Package: footmisc 2011/06/06 v5.5b a miscellany of footnote facilities
\FN@temptoken=\toks18
\footnotemargin=\dimen120
\c@pp@next@reset=\count108
\c@@fnserial=\count109
Package footmisc Info: Declaring symbol style bringhurst on input line 855.
Package footmisc Info: Declaring symbol style chicago on input line 863.
Package footmisc Info: Declaring symbol style wiley on input line 872.
Package footmisc Info: Declaring symbol style lamport-robust on input line 883.

Package footmisc Info: Declaring symbol style lamport* on input line 903.
Package footmisc Info: Declaring symbol style lamport*-robust on input line 924
.
)
(D:\CTEX\MiKTeX\tex\latex\ams\math\amsmath.sty
Package: amsmath 2000/07/18 v2.13 AMS math features
\@mathmargin=\skip50

For additional information on amsmath, use the `?' option.
(D:\CTEX\MiKTeX\tex\latex\ams\math\amstext.sty
Package: amstext 2000/06/29 v2.01

(D:\CTEX\MiKTeX\tex\latex\ams\math\amsgen.sty
File: amsgen.sty 1999/11/30 v2.0
\@emptytoks=\toks19
\ex@=\dimen121
))
(D:\CTEX\MiKTeX\tex\latex\ams\math\amsbsy.sty
Package: amsbsy 1999/11/29 v1.2d
\pmbraise@=\dimen122
)
(D:\CTEX\MiKTeX\tex\latex\ams\math\amsopn.sty
Package: amsopn 1999/12/14 v2.01 operator names
)
\inf@bad=\count110
LaTeX Info: Redefining \frac on input line 211.
\uproot@=\count111
\leftroot@=\count112
LaTeX Info: Redefining \overline on input line 307.
\classnum@=\count113
\DOTSCASE@=\count114
LaTeX Info: Redefining \ldots on input line 379.
LaTeX Info: Redefining \dots on input line 382.
LaTeX Info: Redefining \cdots on input line 467.
\Mathstrutbox@=\box30
\strutbox@=\box31
\big@size=\dimen123
LaTeX Font Info:    Redeclaring font encoding OML on input line 567.
LaTeX Font Info:    Redeclaring font encoding OMS on input line 568.
\macc@depth=\count115
\c@MaxMatrixCols=\count116
\dotsspace@=\muskip11
\c@parentequation=\count117
\dspbrk@lvl=\count118
\tag@help=\toks20
\row@=\count119
\column@=\count120
\maxfields@=\count121
\andhelp@=\toks21
\eqnshift@=\dimen124
\alignsep@=\dimen125
\tagshift@=\dimen126
\tagwidth@=\dimen127
\totwidth@=\dimen128
\lineht@=\dimen129
\@envbody=\toks22
\multlinegap=\skip51
\multlinetaggap=\skip52
\mathdisplay@stack=\toks23
LaTeX Info: Redefining \[ on input line 2666.
LaTeX Info: Redefining \] on input line 2667.
)
(D:\CTEX\MiKTeX\tex\latex\cases\cases.sty
Package: cases 2002/05/02 ver 2.5 
)
(D:\CTEX\MiKTeX\tex\latex\amsfonts\amssymb.sty
Package: amssymb 2009/06/22 v3.00

(D:\CTEX\MiKTeX\tex\latex\amsfonts\amsfonts.sty
Package: amsfonts 2009/06/22 v3.00 Basic AMSFonts support
\symAMSa=\mathgroup4
\symAMSb=\mathgroup5
LaTeX Font Info:    Overwriting math alphabet `\mathfrak' in version `bold'
(Font)                  U/euf/m/n --> U/euf/b/n on input line 96.
))
(D:\CTEX\MiKTeX\tex\latex\jknappen\mathrsfs.sty
Package: mathrsfs 1996/01/01 Math RSFS package v1.0 (jk)
\symrsfs=\mathgroup6
)
(D:\CTEX\MiKTeX\tex\latex\ntheorem\ntheorem.sty
Style `ntheorem', Version 1.31 <2011/02/16>
Package: ntheorem 2011/02/16 1.31
(D:\CTEX\MiKTeX\tex\latex\base\ifthen.sty
Package: ifthen 2001/05/26 v1.1c Standard LaTeX ifthen package (DPC)
)
\theorem@style=\toks24
\theorem@@style=\toks25
\theorembodyfont=\toks26
\theoremnumbering=\toks27
\theorempreskipamount=\skip53
\theorempostskipamount=\skip54
\theoremframepreskipamount=\skip55
\theoremframepostskipamount=\skip56
\theoremindent=\dimen130
\theorem@indent=\dimen131
\theoremheaderfont=\toks28
\theoremseparator=\toks29
\theoremprework=\toks30
\theorempostwork=\toks31
\theoremsymbol=\toks32
\qedsymbol=\toks33
\theoremkeyword=\toks34
\qedsymbol=\toks35
\thm@topsepadd=\skip57
Package ntheorem Info: Option `thmmarks' loaded on input line 1066.
\c@endNonectr=\count122
\c@currNonectr=\count123
\mysavskip=\skip58
Package ntheorem Info: option `amsmath' handling for `thmmarks' loaded on input
 line 1066.
\thm@amstmpdepth=\dimen132
\tagwidth=\dimen133
)
(D:\CTEX\MiKTeX\tex\latex\placeins\placeins.sty
Package: placeins 2005/04/18  v 2.2
)
(D:\CTEX\MiKTeX\tex\latex\floatflt\floatflt.sty
Package: floatflt 1997/07/16 v. 1.31
\c@OptionTest=\count124
\figbox=\box32
\tabbox=\box33
\pagebox=\box34
\ffigcount=\count125
\ftabcount=\count126
\fftest=\count127
\hangcount=\count128
\nosuccesstryfig=\count129
\nosuccesstrytab=\count130
\figgutter=\dimen134
\tabgutter=\dimen135
\htdone=\dimen136
\pageht=\dimen137
\startpageht=\dimen138
\tabbredd=\dimen139
\floatfltwidth=\dimen140
\fltitemwidth=\dimen141
\outputpretest=\toks36
)
(D:\CTEX\MiKTeX\tex\latex\rotating\rotating.sty
Package: rotating 2009/03/28 v2.16a rotated objects in LaTeX
\c@r@tfl@t=\count131
\rotFPtop=\skip59
\rotFPbot=\skip60
\rot@float@box=\box35
\rot@mess@toks=\toks37
)
(D:\CTEX\MiKTeX\tex\latex\type1cm\type1cm.sty
Package: type1cm 2002/09/05 v0.04 BlueSky/Y&Y Type1 CM font definitions (DPC, p
atched RF)
)
(D:\CTEX\MiKTeX\tex\latex\titlesec\titlesec.sty
Package: titlesec 2011/12/15 v2.10.0 Sectioning titles
\ttl@box=\box36
\beforetitleunit=\skip61
\aftertitleunit=\skip62
\ttl@plus=\dimen142
\ttl@minus=\dimen143
\ttl@toksa=\toks38
\titlewidth=\dimen144
\titlewidthlast=\dimen145
\titlewidthfirst=\dimen146
)
(D:\CTEX\MiKTeX\tex\latex\titlesec\titletoc.sty
Package: titletoc 2011/12/15 v1.6 TOC entries
\ttl@leftsep=\dimen147
)
(D:\CTEX\MiKTeX\tex\latex\tools\bm.sty
Package: bm 2004/02/26 v1.1c Bold Symbol Support (DPC/FMi)
\symboldoperators=\mathgroup7
\symboldletters=\mathgroup8
\symboldsymbols=\mathgroup9
LaTeX Font Info:    Redeclaring math alphabet \mathbf on input line 138.
LaTeX Info: Redefining \bm on input line 204.
)
(D:\CTEX\MiKTeX\tex\latex\subeqnarray\subeqnarray.sty
Package: subeqnarray 2004/04/15 v2.1c subeqnarray package
\c@subequation=\count132
)
(D:\CTEX\MiKTeX\tex\latex\fancyhdr\fancyhdr.sty
\fancy@headwidth=\skip63
\f@ncyO@elh=\skip64
\f@ncyO@erh=\skip65
\f@ncyO@olh=\skip66
\f@ncyO@orh=\skip67
\f@ncyO@elf=\skip68
\f@ncyO@erf=\skip69
\f@ncyO@olf=\skip70
\f@ncyO@orf=\skip71
)
(D:\CTEX\MiKTeX\tex\latex\fancyref\fancyref.sty
Package: fancyref 1999/02/03 v0.9c Fancy cross-referencing

(D:\CTEX\MiKTeX\tex\latex\tools\varioref.sty
Package: varioref 2011/10/02 v1.4z package for extended references (FMi)
\c@vrcnt=\count133
))
(D:\CTEX\MiKTeX\tex\latex\natbib\natbib.sty
Package: natbib 2010/09/13 8.31b (PWD, AO)
\bibhang=\skip72
\bibsep=\skip73
LaTeX Info: Redefining \cite on input line 694.
\c@NAT@ctr=\count134
)
(D:\CTEX\MiKTeX\tex\latex\caption\caption2.sty
Package: caption2 2011/08/12 v2.2d Customising captions (AR)


Package caption2 Warning: ****************************************************
(caption2)                THIS PACKAGE IS OBSOLETE:
(caption2)                This package attempts to provide an `caption2'
(caption2)                package v2.0/2.1 author environment so that OLD
(caption2)                documents can be successfully processed. It should
(caption2)                NOT be used for NEW documents! New documents should
(caption2)                use the regular `caption' package v3.x instead.
(caption2)                ****************************************************

(D:\CTEX\MiKTeX\tex\latex\caption\caption3.sty
Package: caption3 2011/11/01 v1.4a caption3 kernel (AR)
\captionmargin=\dimen148
\captionmargin@=\dimen149
\captionwidth=\dimen150
\caption@indent=\dimen151
\caption@parindent=\dimen152
\caption@hangindent=\dimen153
)
Package caption2 Info: Running in caption2 v2.0 compatibility mode on input lin
e 210.
\captionlinewidth=\dimen154
\realcaptionwidth=\dimen155
Package caption2 Info: float package v1.2 (or newer) detected on input line 319
.
Package caption2 Info: subfigure package v2.1 (or newer) detected on input line
 438.
\subfigcapwidth=\dimen156
\subcapindent=\dimen157
)
(D:\CTEX\MiKTeX\tex\latex\layouts\layouts.sty
Package: layouts 2009/09/02 v2.6d graphical depiction of document elements
\l@ylen=\skip74
\layoutsbox=\box37
\l@youtunitlength=\skip75
\l@youtlinethick=\skip76
\l@youtlinethickii=\skip77
\l@ysetupparskip=\skip78
\l@ysetupbaselineskip=\skip79
\l@yonem=\skip80
\l@yonex=\skip81
\l@ylmarg=\skip82
\l@yrmarg=\skip83
\l@yitmindent=\skip84
\l@ylblwidth=\skip85
\l@ylblsep=\skip86
\l@ylparindent=\skip87
\l@ytsep=\skip88
\l@ypskip=\skip89
\l@yptsep=\skip90
\l@ypsep=\skip91
\l@yitmsep=\skip92
\l@ytok=\toks39
\l@youtpw=\count135
\l@youtph=\count136
\l@youthpi=\count137
\l@youthpii=\count138
\l@youthpiii=\count139
\l@youthpiv=\count140
\l@youthpv=\count141
\l@youthpvi=\count142
\l@youthpvii=\count143
\l@youtparskip=\count144
\l@youtvpi=\count145
\l@youtvpii=\count146
\l@youtvpiii=\count147
\l@youtvpiv=\count148
\l@youtvpv=\count149
\l@youtvpvi=\count150
\l@youtvpvii=\count151
\l@youthdo=\count152
\l@youthdi=\count153
\l@youthdii=\count154
\l@youthdiii=\count155
\l@youthdiv=\count156
\l@youthdv=\count157
\l@youthdvi=\count158
\l@youthdvii=\count159
\l@youtvdo=\count160
\l@youtvdi=\count161
\l@youtvdii=\count162
\l@youtvdiii=\count163
\l@youtvdiv=\count164
\l@youtvdv=\count165
\l@youtvdvi=\count166
\l@youtvdvii=\count167
\l@youtvdviii=\count168
\l@youtxci=\count169
\l@youtxcii=\count170
\l@youtxciii=\count171
\l@youtxciv=\count172
\l@youtxcv=\count173
\l@youtxcvi=\count174
\l@youtyci=\count175
\l@youtycii=\count176
\l@youtyciii=\count177
\l@youtyciv=\count178
\l@youtycv=\count179
\l@youtycvi=\count180
\l@youtycvii=\count181
\l@youtycviii=\count182
\l@youtxco=\count183
\l@youtyco=\count184
\l@ytempdima=\skip93
\stockwidth=\skip94
\stockheight=\skip95
\trimedge=\skip96
\trimtop=\skip97
\uppermargin=\skip98
\spinemargin=\skip99
)
(D:\CTEX\MiKTeX\tex\latex\psnfss\times.sty
Package: times 2005/04/12 PSNFSS-v9.2a (SPQR) 
)
(D:\CTEX\MiKTeX\tex\latex\setspace\setspace.sty
Package: setspace 2011/12/19 v6.7a set line spacing
)
(D:\CTEX\MiKTeX\tex\latex\supertabular\supertabular.sty
Package: supertabular 2004/02/20 v4.1e the supertabular environment
\c@tracingst=\count185
\ST@wd=\dimen158
\ST@rightskip=\skip100
\ST@leftskip=\skip101
\ST@parfillskip=\skip102
\ST@pageleft=\dimen159
\ST@headht=\dimen160
\ST@tailht=\dimen161
\ST@pagesofar=\dimen162
\ST@pboxht=\dimen163
\ST@lineht=\dimen164
\ST@stretchht=\dimen165
\ST@prevht=\dimen166
\ST@toadd=\dimen167
\ST@dimen=\dimen168
\ST@pbox=\box38
)
(D:\CTEX\MiKTeX\tex\latex\tools\longtable.sty
Package: longtable 2004/02/01 v4.11 Multi-page Table package (DPC)
\LTleft=\skip103
\LTright=\skip104
\LTpre=\skip105
\LTpost=\skip106
\LTchunksize=\count186
\LTcapwidth=\dimen169
\LT@head=\box39
\LT@firsthead=\box40
\LT@foot=\box41
\LT@lastfoot=\box42
\LT@cols=\count187
\LT@rows=\count188
\c@LT@tables=\count189
\c@LT@chunks=\count190
\LT@p@ftn=\toks40
)
(D:\CTEX\MiKTeX\tex\latex\tools\tabularx.sty
Package: tabularx 1999/01/07 v2.07 `tabularx' package (DPC)

(D:\CTEX\MiKTeX\tex\latex\tools\array.sty
Package: array 2008/09/09 v2.4c Tabular extension package (FMi)
\col@sep=\dimen170
\extrarowheight=\dimen171
\NC@list=\toks41
\extratabsurround=\skip107
\backup@length=\skip108
)
\TX@col@width=\dimen172
\TX@old@table=\dimen173
\TX@old@col=\dimen174
\TX@target=\dimen175
\TX@delta=\dimen176
\TX@cols=\count191
\TX@ftn=\toks42
)
(D:\CTEX\MiKTeX\tex\latex\booktabs\booktabs.sty
Package: booktabs 2005/04/14 v1.61803 publication quality tables
\heavyrulewidth=\dimen177
\lightrulewidth=\dimen178
\cmidrulewidth=\dimen179
\belowrulesep=\dimen180
\belowbottomsep=\dimen181
\aboverulesep=\dimen182
\abovetopsep=\dimen183
\cmidrulesep=\dimen184
\cmidrulekern=\dimen185
\defaultaddspace=\dimen186
\@cmidla=\count192
\@cmidlb=\count193
\@aboverulesep=\dimen187
\@belowrulesep=\dimen188
\@thisruleclass=\count194
\@lastruleclass=\count195
\@thisrulewidth=\dimen189
)
(D:\CTEX\MiKTeX\tex\latex\base\makeidx.sty
Package: makeidx 2000/03/29 v1.0m Standard LaTeX package
)
(D:\CTEX\MiKTeX\tex\latex\listings\listings.sty
\lst@mode=\count196
\lst@gtempboxa=\box43
\lst@token=\toks43
\lst@length=\count197
\lst@currlwidth=\dimen190
\lst@column=\count198
\lst@pos=\count199
\lst@lostspace=\dimen191
\lst@width=\dimen192
\lst@newlines=\count200
\lst@lineno=\count201
\lst@maxwidth=\dimen193

(D:\CTEX\MiKTeX\tex\latex\listings\lstmisc.sty
File: lstmisc.sty 2007/02/22 1.4 (Carsten Heinz)
\c@lstnumber=\count202
\lst@skipnumbers=\count203
\lst@framebox=\box44
)
(D:\CTEX\MiKTeX\tex\latex\listings\listings.cfg
File: listings.cfg 2007/02/22 1.4 listings configuration
))
Package: listings 2007/02/22 1.4 (Carsten Heinz)
)
(D:\CTEX\MiKTeX\tex\latex\xcolor\xcolor.sty
Package: xcolor 2007/01/21 v2.11 LaTeX color extensions (UK)

(D:\CTEX\MiKTeX\tex\latex\00miktex\color.cfg
File: color.cfg 2007/01/18 v1.5 color configuration of teTeX/TeXLive
)
Package xcolor Info: Driver file: dvips.def on input line 225.
LaTeX Info: Redefining \color on input line 702.
Package xcolor Info: Model `cmy' substituted by `cmy0' on input line 1337.
Package xcolor Info: Model `RGB' extended on input line 1353.
Package xcolor Info: Model `HTML' substituted by `rgb' on input line 1355.
Package xcolor Info: Model `Hsb' substituted by `hsb' on input line 1356.
Package xcolor Info: Model `tHsb' substituted by `hsb' on input line 1357.
Package xcolor Info: Model `HSB' substituted by `hsb' on input line 1358.
Package xcolor Info: Model `Gray' substituted by `gray' on input line 1359.
Package xcolor Info: Model `wave' substituted by `hsb' on input line 1360.
)
(F:\latex\wcy\LaTeXFileforXMUThesis\wcy\main.aux
(F:\latex\wcy\LaTeXFileforXMUThesis\wcy\preface/c_abstract.aux)
(F:\latex\wcy\LaTeXFileforXMUThesis\wcy\preface/e_abstract.aux)
(F:\latex\wcy\LaTeXFileforXMUThesis\wcy\body/chap00.aux)
(F:\latex\wcy\LaTeXFileforXMUThesis\wcy\body/chap01.aux)
(F:\latex\wcy\LaTeXFileforXMUThesis\wcy\body/chap02.aux)
(F:\latex\wcy\LaTeXFileforXMUThesis\wcy\body/chap03.aux)
(F:\latex\wcy\LaTeXFileforXMUThesis\wcy\body/chap04.aux)
(F:\latex\wcy\LaTeXFileforXMUThesis\wcy\appendix/publications.aux)
(F:\latex\wcy\LaTeXFileforXMUThesis\wcy\appendix/acknowledgements.aux))
LaTeX Font Info:    Checking defaults for OML/cmm/m/it on input line 32.
LaTeX Font Info:    ... okay on input line 32.
LaTeX Font Info:    Checking defaults for T1/cmr/m/n on input line 32.
LaTeX Font Info:    ... okay on input line 32.
LaTeX Font Info:    Checking defaults for OT1/cmr/m/n on input line 32.
LaTeX Font Info:    ... okay on input line 32.
LaTeX Font Info:    Checking defaults for OMS/cmsy/m/n on input line 32.
LaTeX Font Info:    ... okay on input line 32.
LaTeX Font Info:    Checking defaults for OMX/cmex/m/n on input line 32.
LaTeX Font Info:    ... okay on input line 32.
LaTeX Font Info:    Checking defaults for U/cmr/m/n on input line 32.
LaTeX Font Info:    ... okay on input line 32.
LaTeX Font Info:    Checking defaults for PD1/pdf/m/n on input line 32.
LaTeX Font Info:    ... okay on input line 32.
LaTeX Font Info:    Checking defaults for C00/song/m/n on input line 32.
LaTeX Font Info:    ... okay on input line 32.
LaTeX Font Info:    Checking defaults for C05/song/m/n on input line 32.
LaTeX Font Info:    ... okay on input line 32.
LaTeX Font Info:    Checking defaults for C09/song/m/n on input line 32.
LaTeX Font Info:    ... okay on input line 32.
LaTeX Font Info:    Checking defaults for C10/song/m/n on input line 32.
LaTeX Font Info:    ... okay on input line 32.
LaTeX Font Info:    Checking defaults for C20/song/m/n on input line 32.
LaTeX Font Info:    ... okay on input line 32.
LaTeX Font Info:    Checking defaults for C19/song/m/n on input line 32.
LaTeX Font Info:    ... okay on input line 32.
LaTeX Font Info:    Checking defaults for C40/song/m/n on input line 32.
LaTeX Font Info:    ... okay on input line 32.
LaTeX Font Info:    Checking defaults for C42/song/m/n on input line 32.
LaTeX Font Info:    ... okay on input line 32.
LaTeX Font Info:    Checking defaults for C43/song/m/n on input line 32.
LaTeX Font Info:    ... okay on input line 32.
LaTeX Font Info:    Checking defaults for C50/song/m/n on input line 32.
LaTeX Font Info:    ... okay on input line 32.
LaTeX Font Info:    Checking defaults for C52/song/m/n on input line 32.
LaTeX Font Info:    ... okay on input line 32.
LaTeX Font Info:    Checking defaults for C49/song/m/n on input line 32.
LaTeX Font Info:    ... okay on input line 32.
LaTeX Font Info:    Checking defaults for C60/mj/m/n on input line 32.
LaTeX Font Info:    ... okay on input line 32.
LaTeX Font Info:    Checking defaults for C61/mj/m/n on input line 32.
LaTeX Font Info:    ... okay on input line 32.
LaTeX Font Info:    Checking defaults for C63/mj/m/n on input line 32.
LaTeX Font Info:    ... okay on input line 32.
LaTeX Font Info:    Checking defaults for C64/mj/m/n on input line 32.
LaTeX Font Info:    ... okay on input line 32.
LaTeX Font Info:    Checking defaults for C65/mj/m/n on input line 32.
LaTeX Font Info:    ... okay on input line 32.
LaTeX Font Info:    Checking defaults for C70/song/m/n on input line 32.
LaTeX Font Info:    ... okay on input line 32.
LaTeX Font Info:    Checking defaults for C31/song/m/n on input line 32.
LaTeX Font Info:    ... okay on input line 32.
LaTeX Font Info:    Checking defaults for C32/song/m/n on input line 32.
LaTeX Font Info:    ... okay on input line 32.
LaTeX Font Info:    Checking defaults for C33/song/m/n on input line 32.
LaTeX Font Info:    ... okay on input line 32.
LaTeX Font Info:    Checking defaults for C34/song/m/n on input line 32.
LaTeX Font Info:    ... okay on input line 32.
LaTeX Font Info:    Checking defaults for C35/song/m/n on input line 32.
LaTeX Font Info:    ... okay on input line 32.
LaTeX Font Info:    Checking defaults for C36/song/m/n on input line 32.
LaTeX Font Info:    ... okay on input line 32.
LaTeX Font Info:    Checking defaults for C37/song/m/n on input line 32.
LaTeX Font Info:    ... okay on input line 32.
LaTeX Font Info:    Checking defaults for C80/song/m/n on input line 32.
LaTeX Font Info:    ... okay on input line 32.
LaTeX Font Info:    Checking defaults for C81/song/m/n on input line 32.
LaTeX Font Info:    ... okay on input line 32.
LaTeX Font Info:    Checking defaults for C01/song/m/n on input line 32.
LaTeX Font Info:    ... okay on input line 32.
LaTeX Font Info:    Checking defaults for C11/song/m/n on input line 32.
LaTeX Font Info:    ... okay on input line 32.
LaTeX Font Info:    Checking defaults for C21/song/m/n on input line 32.
LaTeX Font Info:    ... okay on input line 32.
LaTeX Font Info:    Checking defaults for C41/song/m/n on input line 32.
LaTeX Font Info:    ... okay on input line 32.
LaTeX Font Info:    Checking defaults for C62/song/m/n on input line 32.
LaTeX Font Info:    ... okay on input line 32.
LaTeX Font Info:    Try loading font information for OT1+ptm on input line 32.

(D:\CTEX\MiKTeX\tex\latex\psnfss\ot1ptm.fd
File: ot1ptm.fd 2001/06/04 font definitions for OT1/ptm.
)
\AtBeginShipoutBox=\box45


Package hyperref Warning: Height of page (\stockheight) is invalid (0.0pt),
(hyperref)                using 11in.

Package hyperref Info: Link coloring OFF on input line 32.
(D:\CTEX\MiKTeX\tex\latex\hyperref\nameref.sty
Package: nameref 2010/04/30 v2.40 Cross-referencing by name of section

(D:\CTEX\MiKTeX\tex\generic\oberdiek\gettitlestring.sty
Package: gettitlestring 2010/12/03 v1.4 Cleanup title references (HO)
)
\c@section@level=\count204
LaTeX Info: Redefining \Ref on input line 498.
)
LaTeX Info: Redefining \ref on input line 32.
LaTeX Info: Redefining \pageref on input line 32.
LaTeX Info: Redefining \nameref on input line 32.

(F:\latex\wcy\LaTeXFileforXMUThesis\wcy\main.out)
(F:\latex\wcy\LaTeXFileforXMUThesis\wcy\main.out)
\@outlinefile=\write3
LaTeX Info: Redefining \Ref on input line 32.

*geometry* driver: auto-detecting
*geometry* detected driver: dvips
*geometry* verbose mode - [ preamble ] result:
* driver: dvips
* paper: a4paper
* layout: <same size as paper>
* layoutoffset:(h,v)=(0.0pt,0.0pt)
* modes: includehead includefoot 
* h-part:(L,W,R)=(79.6678pt, 438.17227pt, 79.6678pt)
* v-part:(T,H,B)=(56.9055pt, 717.00946pt, 71.13188pt)
* \paperwidth=597.50787pt
* \paperheight=845.04684pt
* \textwidth=438.17227pt
* \textheight=655.13567pt
* \oddsidemargin=7.39781pt
* \evensidemargin=7.39781pt
* \topmargin=-15.36449pt
* \headheight=12.0pt
* \headsep=19.8738pt
* \topskip=12.0pt
* \footskip=30.0pt
* \marginparwidth=38.0pt
* \marginparsep=7.0pt
* \columnsep=10.0pt
* \skip\footins=10.8pt plus 4.0pt minus 2.0pt
* \hoffset=0.0pt
* \voffset=0.0pt
* \mag=1000
* \@twocolumnfalse
* \@twosidefalse
* \@mparswitchfalse
* \@reversemarginfalse
* (1in=72.27pt=25.4mm, 1cm=28.453pt)

Package caption Info: Begin \AtBeginDocument code.
Package caption Info: End \AtBeginDocument code.

Package layouts Warning: Layout scale set to 0.5 on input line 32.

\c@lstlisting=\count205
(D:\CTEX\MiKTeX\tex\latex\cjk\standard.bdg
File: standard.bdg 2008/12/29 4.8.2
)
(D:\CTEX\MiKTeX\tex\latex\cjk\extended.enc
File: extended.enc 2008/12/29 4.8.2
)
(D:\CTEX\MiKTeX\tex\latex\cjk\extended.chr
File: extended.chr 2008/12/29 4.8.2
)
(F:\latex\wcy\LaTeXFileforXMUThesis\wcy\setup/format.tex
\c@currdefinitionctr=\count206
\c@enddefinitionctr=\count207
\c@definition=\count208
\c@currpropctr=\count209
\c@endpropctr=\count210
\c@prop=\count211
\c@currpropositionctr=\count212
\c@endpropositionctr=\count213
\c@currlemmactr=\count214
\c@endlemmactr=\count215
\c@currtheoremctr=\count216
\c@endtheoremctr=\count217
\c@theorem=\count218
\c@currcorollaryctr=\count219
\c@endcorollaryctr=\count220
\c@currassumptionctr=\count221
\c@endassumptionctr=\count222
\c@assumption=\count223
\c@currexercisectr=\count224
\c@endexercisectr=\count225
\c@currexamplectr=\count226
\c@endexamplectr=\count227
\c@example=\count228
\c@currproofctr=\count229
\c@endproofctr=\count230
\c@proof=\count231

(F:\latex\wcy\LaTeXFileforXMUThesis\wcy\gb_452.cpx
File: GB.cap 2003/05/18 4.5.2for Standard LaTeX document class
)
\CJKtwospaces=\skip109
LaTeX Font Info:    Try loading font information for C19+song on input line 112
.

(D:\CTEX\CTeX\tex\latex\CJK\GB\c19song.fd
File: c19song.fd 2009/09/23 4.8.2
)

Package Fancyhdr Warning: \fancyhead's `E' option without twoside option is use
less on input line 184.


Package Fancyhdr Warning: \fancyfoot's `E' option without twoside option is use
less on input line 186.

\AphorismAuthor=\box46
\c@newlist=\count232
) (F:\latex\wcy\LaTeXFileforXMUThesis\wcy\preface/cover.tex
LaTeX Font Info:    Font shape `OT1/ptm/bx/n' in size <12> not available
(Font)              Font shape `OT1/ptm/b/n' tried instead on input line 13.
LaTeX Font Info:    Try loading font information for U+rsfs on input line 13.

(D:\CTEX\MiKTeX\tex\latex\jknappen\ursfs.fd
File: ursfs.fd 1998/03/24 rsfs font definition file (jk)
)
File: figures/xmulogo.jpg Graphic file (type eps)
 <figures/xmulogo.jpg>
LaTeX Font Info:    Font shape `OT1/ptm/bx/n' in size <18> not available
(Font)              Font shape `OT1/ptm/b/n' tried instead on input line 13.
LaTeX Font Info:    Font shape `OT1/ptm/bx/n' in size <22> not available
(Font)              Font shape `OT1/ptm/b/n' tried instead on input line 13.
LaTeX Font Info:    Try loading font information for C19+hei on input line 13.

(D:\CTEX\CTeX\tex\latex\CJK\GB\c19hei.fd
File: c19hei.fd 2009/09/23 4.8.2
)
LaTeX Font Info:    Font shape `OT1/ptm/bx/n' in size <16> not available
(Font)              Font shape `OT1/ptm/b/n' tried instead on input line 13.
LaTeX Font Info:    Try loading font information for C19+kai on input line 13.

(D:\CTEX\CTeX\tex\latex\CJK\GB\c19kai.fd
File: c19kai.fd 2009/09/23 4.8.2
)
LaTeX Font Info:    Calculating math sizes for size <14> on input line 13.
LaTeX Font Info:    Font shape `OT1/ptm/bx/n' in size <14> not available
(Font)              Font shape `OT1/ptm/b/n' tried instead on input line 13.
 [1



])
Overfull \hbox (24.0pt too wide) in paragraph at lines 87--87
[][]
 []

[1

]
Overfull \hbox (24.0pt too wide) in paragraph at lines 89--89
[][] 
 []

[2

] (F:\latex\wcy\LaTeXFileforXMUThesis\wcy\preface/c_abstract.tex)

Package hyperref Warning: Token not allowed in a PDF string (PDFDocEncoding):
(hyperref)                removing `\<def>-command' on input line 98.


Package hyperref Warning: Token not allowed in a PDF string (PDFDocEncoding):
(hyperref)                removing `\CJK@globalfamily' on input line 98.


Package hyperref Warning: Token not allowed in a PDF string (PDFDocEncoding):
(hyperref)                removing `\<def>-command' on input line 98.


Package hyperref Warning: Token not allowed in a PDF string (PDFDocEncoding):
(hyperref)                removing `\CJK@temp' on input line 98.


Package hyperref Warning: Token not allowed in a PDF string (PDFDocEncoding):
(hyperref)                removing `\<def>-command' on input line 98.


Package hyperref Warning: Token not allowed in a PDF string (PDFDocEncoding):
(hyperref)                removing `\CJK@family' on input line 98.

[1




\FN@pp@footnotehinttrue 

] (F:\latex\wcy\LaTeXFileforXMUThesis\wcy\preface/e_abstract.tex)

Package hyperref Warning: Token not allowed in a PDF string (PDFDocEncoding):
(hyperref)                removing `\<def>-command' on input line 104.


Package hyperref Warning: Token not allowed in a PDF string (PDFDocEncoding):
(hyperref)                removing `\CJK@globalfamily' on input line 104.


Package hyperref Warning: Token not allowed in a PDF string (PDFDocEncoding):
(hyperref)                removing `\<def>-command' on input line 104.


Package hyperref Warning: Token not allowed in a PDF string (PDFDocEncoding):
(hyperref)                removing `\CJK@temp' on input line 104.


Package hyperref Warning: Token not allowed in a PDF string (PDFDocEncoding):
(hyperref)                removing `\<def>-command' on input line 104.


Package hyperref Warning: Token not allowed in a PDF string (PDFDocEncoding):
(hyperref)                removing `\CJK@family' on input line 104.

[2




\FN@pp@footnotehinttrue 

]
LaTeX Font Info:    Font shape `OT1/ptm/bx/n' in size <15> not available
(Font)              Font shape `OT1/ptm/b/n' tried instead on input line 109.
 (F:\latex\wcy\LaTeXFileforXMUThesis\wcy\main.toc [3



])
\tf@toc=\write4


Package hyperref Warning: Token not allowed in a PDF string (PDFDocEncoding):
(hyperref)                removing `\<def>-command' on input line 110.


Package hyperref Warning: Token not allowed in a PDF string (PDFDocEncoding):
(hyperref)                removing `\CJK@globalfamily' on input line 110.


Package hyperref Warning: Token not allowed in a PDF string (PDFDocEncoding):
(hyperref)                removing `\<def>-command' on input line 110.


Package hyperref Warning: Token not allowed in a PDF string (PDFDocEncoding):
(hyperref)                removing `\CJK@temp' on input line 110.


Package hyperref Warning: Token not allowed in a PDF string (PDFDocEncoding):
(hyperref)                removing `\<def>-command' on input line 110.


Package hyperref Warning: Token not allowed in a PDF string (PDFDocEncoding):
(hyperref)                removing `\CJK@family' on input line 110.

[4] (F:\latex\wcy\LaTeXFileforXMUThesis\wcy\main.toe)
\tf@toe=\write5
 [5



]
(F:\latex\wcy\LaTeXFileforXMUThesis\wcy\body/chap00.tex
µÚÒ»ÕÂ

Package hyperref Warning: Token not allowed in a PDF string (PDFDocEncoding):
(hyperref)                removing `\CJKnumber' on input line 2.

) [1




] (F:\latex\wcy\LaTeXFileforXMUThesis\wcy\body/chap01.tex
µÚ¶þÕÂ

Package hyperref Warning: Token not allowed in a PDF string (PDFDocEncoding):
(hyperref)                removing `\CJKnumber' on input line 2.

Package hyperref Info: bookmark level for unknown definition defaults to 0 on i
nput line 12.
Package hyperref Info: bookmark level for unknown prop defaults to 0 on input l
ine 24.
Package hyperref Info: bookmark level for unknown lemma defaults to 0 on input 
line 28.
Package hyperref Info: bookmark level for unknown proof defaults to 0 on input 
line 36.
Package hyperref Info: bookmark level for unknown example defaults to 0 on inpu
t line 46.

Package hyperref Warning: Token not allowed in a PDF string (PDFDocEncoding):
(hyperref)                removing `math shift' on input line 48.


Package hyperref Warning: Token not allowed in a PDF string (PDFDocEncoding):
(hyperref)                removing `math shift' on input line 48.


Package hyperref Warning: Token not allowed in a PDF string (PDFDocEncoding):
(hyperref)                removing `math shift' on input line 48.


Package hyperref Warning: Token not allowed in a PDF string (PDFDocEncoding):
(hyperref)                removing `math shift' on input line 48.

) [2




] [3] (F:\latex\wcy\LaTeXFileforXMUThesis\wcy\body/chap02.tex
µÚÈýÕÂ

Package hyperref Warning: Token not allowed in a PDF string (PDFDocEncoding):
(hyperref)                removing `\CJKnumber' on input line 1.

LaTeX Font Info:    Try loading font information for OT1+pcr on input line 8.
(D:\CTEX\MiKTeX\tex\latex\psnfss\ot1pcr.fd
File: ot1pcr.fd 2001/06/04 font definitions for OT1/pcr.
)
Overfull \hbox (29.82753pt too wide) in paragraph at lines 23--23
[]\OT1/pcr/m/n/12 \includegraphics[width=.3\textwidth,bb=0 0 438 340]{flower_6.
png}[] 
 []

File: figures/flower/flower_6.png Graphic file (type eps)
<figures/flower/flower_6.png>
Underfull \hbox (badness 10000) in paragraph at lines 35--36

 []

[4




]
Overfull \hbox (44.22752pt too wide) in paragraph at lines 56--56
[]   \OT1/pcr/m/n/12 \includegraphics[width=0.27\textwidth,bb=0 0 297 230]{base
2.png}[] 
 []


Overfull \hbox (37.02753pt too wide) in paragraph at lines 56--56
[]  \OT1/pcr/m/n/12 \includegraphics[width=0.27\textwidth,bb=0 0 297 230]{base4
.png}[] 
 []


Overfull \hbox (51.42752pt too wide) in paragraph at lines 56--56
[]    \OT1/pcr/m/n/12 \includegraphics[width=0.27\textwidth,bb=0 0 297 230]{bas
e6.png}[] 
 []


Overfull \hbox (13.02759pt too wide) in paragraph at lines 56--56
[]\OT1/pcr/m/n/12 \caption{\C19/song/bx/n/12/44 Ä \C19/song/m/n/12/43 ¼ \C19/so
ng/bx/n/12/55 ê \C19/song/bx/n/12/40  \C19/song/m/n/12/51 [ \C19/song/bx/n/12/
40 é \C19/song/bx/n/12/38 ¡ \C19/song/m/n/12/60 5\OT1/pcr/m/n/12 ,\C19/song/m/n
/12/52 Ù \C19/song/m/n/12/64 ¥\OT1/pcr/m/n/12 $\alpha=0.5,\beta=0.5,\lambda=-0.
5$}[] 
 []

File: figures/base2.png Graphic file (type eps)
<figures/base2.png>
File: figures/base4.png Graphic file (type eps)
 <figures/base4.png>
File: figures/base6.png Graphic file (type eps)
 <figures/base6.png>
Underfull \hbox (badness 10000) in paragraph at lines 77--78

 []


Overfull \hbox (15.42754pt too wide) in paragraph at lines 86--86
[]\OT1/pcr/m/n/12 \includegraphics[width=.3\textwidth,bb=0 0 395 329]{lambda.pn
g}[] 
 []


Overfull \hbox (8.22754pt too wide) in paragraph at lines 86--86
[]\OT1/pcr/m/n/12 \includegraphics[width=.3\textwidth,bb=0 0 395 329]{alpha.png
}[] 
 []


Overfull \hbox (1.02754pt too wide) in paragraph at lines 86--86
[]\OT1/pcr/m/n/12 \includegraphics[width=.3\textwidth,bb=0 0 395 329]{beta.png}
[] 
 []

[5]
File: figures/lambda.png Graphic file (type eps)
 <figures/lambda.png>
File: figures/alpha.png Graphic file (type eps)
 <figures/alpha.png>
File: figures/beta.png Graphic file (type eps)
 <figures/beta.png>
Overfull \hbox (8.22754pt too wide) in paragraph at lines 111--111
[]\OT1/pcr/m/n/12 \includegraphics[width=2.2in,bb=0 0 340 268]{alpha_flower.png
}[] 
 []


Overfull \hbox (1.02754pt too wide) in paragraph at lines 111--111
[]\OT1/pcr/m/n/12 \includegraphics[width=2.2in,bb=0 0 332 260]{beta_flower.png}
[] 
 []

File: figures/flower/alpha_flower.png Graphic file (type eps)
<figures/flower/alpha_flower.png>
File: figures/flower/beta_flower.png Graphic file (type eps)
 <figures/flower/beta_flower.png>) [6]
[7] (F:\latex\wcy\LaTeXFileforXMUThesis\wcy\body/chap03.tex
µÚËÄÕÂ

Package hyperref Warning: Token not allowed in a PDF string (PDFDocEncoding):
(hyperref)                removing `\CJKnumber' on input line 1.

) [8




] (F:\latex\wcy\LaTeXFileforXMUThesis\wcy\body/chap04.tex
µÚÎåÕÂ

Package hyperref Warning: Token not allowed in a PDF string (PDFDocEncoding):
(hyperref)                removing `\CJKnumber' on input line 2.

) [9




]

Package hyperref Warning: Token not allowed in a PDF string (PDFDocEncoding):
(hyperref)                removing `\<def>-command' on input line 173.


Package hyperref Warning: Token not allowed in a PDF string (PDFDocEncoding):
(hyperref)                removing `\CJK@globalfamily' on input line 173.


Package hyperref Warning: Token not allowed in a PDF string (PDFDocEncoding):
(hyperref)                removing `\<def>-command' on input line 173.


Package hyperref Warning: Token not allowed in a PDF string (PDFDocEncoding):
(hyperref)                removing `\CJK@temp' on input line 173.


Package hyperref Warning: Token not allowed in a PDF string (PDFDocEncoding):
(hyperref)                removing `\<def>-command' on input line 173.


Package hyperref Warning: Token not allowed in a PDF string (PDFDocEncoding):
(hyperref)                removing `\CJK@family' on input line 173.

(F:\latex\wcy\LaTeXFileforXMUThesis\wcy\main.bbl

LaTeX Font Warning: Font shape `C19/song/m/sc' undefined
(Font)              using `C19/song/m/n' instead on input line 9.

LaTeX Font Info:    Calculating math sizes for size <10.5> on input line 15.

LaTeX Font Warning: Font shape `U/rsfs/m/n' in size <10.5> not available
(Font)              size <10.95> substituted on input line 15.

[10



]) [11] (F:\latex\wcy\LaTeXFileforXMUThesis\wcy\appendix/publications.tex)
[12



] (F:\latex\wcy\LaTeXFileforXMUThesis\wcy\appendix/acknowledgements.tex

Package hyperref Warning: Token not allowed in a PDF string (PDFDocEncoding):
(hyperref)                removing `\<def>-command' on input line 7.


Package hyperref Warning: Token not allowed in a PDF string (PDFDocEncoding):
(hyperref)                removing `\CJK@globalfamily' on input line 7.


Package hyperref Warning: Token not allowed in a PDF string (PDFDocEncoding):
(hyperref)                removing `\<def>-command' on input line 7.


Package hyperref Warning: Token not allowed in a PDF string (PDFDocEncoding):
(hyperref)                removing `\CJK@temp' on input line 7.


Package hyperref Warning: Token not allowed in a PDF string (PDFDocEncoding):
(hyperref)                removing `\<def>-command' on input line 7.


Package hyperref Warning: Token not allowed in a PDF string (PDFDocEncoding):
(hyperref)                removing `\CJK@family' on input line 7.

) [13



]
\tf@thm=\write6
Package atveryend Info: Empty hook `BeforeClearDocument' on input line 200.
Package atveryend Info: Empty hook `AfterLastShipout' on input line 200.
 (F:\latex\wcy\LaTeXFileforXMUThesis\wcy\main.aux
(F:\latex\wcy\LaTeXFileforXMUThesis\wcy\preface/c_abstract.aux)
(F:\latex\wcy\LaTeXFileforXMUThesis\wcy\preface/e_abstract.aux)
(F:\latex\wcy\LaTeXFileforXMUThesis\wcy\body/chap00.aux)
(F:\latex\wcy\LaTeXFileforXMUThesis\wcy\body/chap01.aux)
(F:\latex\wcy\LaTeXFileforXMUThesis\wcy\body/chap02.aux)
(F:\latex\wcy\LaTeXFileforXMUThesis\wcy\body/chap03.aux)
(F:\latex\wcy\LaTeXFileforXMUThesis\wcy\body/chap04.aux)

Package natbib Warning: Citation(s) may have changed.
(natbib)                Rerun to get citations correct.

(F:\latex\wcy\LaTeXFileforXMUThesis\wcy\appendix/publications.aux)
(F:\latex\wcy\LaTeXFileforXMUThesis\wcy\appendix/acknowledgements.aux))
Package atveryend Info: Empty hook `AtVeryEndDocument' on input line 200.
Package atveryend Info: Executing hook `AtEndAfterFileList' on input line 200.


Package rerunfilecheck Warning: File `main.out' has changed.
(rerunfilecheck)                Rerun to get outlines right
(rerunfilecheck)                or use package `bookmark'.

Package rerunfilecheck Info: Checksums for `main.out':
(rerunfilecheck)             Before: CE5967B8D1AD42E1AD220E79859B1AA8;2277
(rerunfilecheck)             After:  CA07BB022582969EC92647EE33788515;1065.

LaTeX Font Warning: Size substitutions with differences
(Font)              up to 0.45pt have occurred.


LaTeX Font Warning: Some font shapes were not available, defaults substituted.


LaTeX Warning: Label(s) may have changed. Rerun to get cross-references right.

 ) 
Here is how much of TeX's memory you used:
 13609 strings out of 494046
 195520 string characters out of 3153724
 313909 words of memory out of 3000000
 16483 multiletter control sequences out of 15000+200000
 102412 words of font info for 344 fonts, out of 3000000 for 9000
 715 hyphenation exceptions out of 8191
 38i,11n,55p,263b,1674s stack positions out of 5000i,500n,10000p,200000b,50000s

Output written on main.dvi (21 pages, 121864 bytes).
