\BOOKMARK [0][]{section*.1}{\376\377\144\130\211\201}{}% 1
\BOOKMARK [0][]{section*.2}{\376\377\000\101\000\142\000\163\000\164\000\162\000\141\000\143\000\164}{}% 2
\BOOKMARK [0][]{chapter*.4}{\376\377\166\356\137\125}{}% 3
\BOOKMARK [0][]{section*.5}{\376\377\000\103\000\157\000\156\000\164\000\145\000\156\000\164\000\163}{}% 4
\BOOKMARK [0][]{chapter.1}{\376\377\000\040\173\054\000\061\172\340\000\040\176\352\213\272}{}% 5
\BOOKMARK [1][]{section.1.1}{\376\377\000\061\000\056\000\061\000\040\170\024\172\166\200\314\146\157}{chapter.1}% 6
\BOOKMARK [1][]{section.1.2}{\376\377\000\061\000\056\000\062\000\040\147\054\145\207\116\073\211\201\121\205\133\271}{chapter.1}% 7
\BOOKMARK [0][]{chapter.2}{\376\377\000\040\173\054\000\062\172\340\000\040\133\232\164\006\163\257\130\203\116\313\176\315}{}% 8
\BOOKMARK [1][]{section.2.1}{\376\377\000\062\000\056\000\061\000\040\117\177\165\050\213\364\146\016}{chapter.2}% 9
\BOOKMARK [1][]{section.2.2}{\376\377\000\062\000\056\000\062\000\040\202\202\150\007\230\230\000\061}{chapter.2}% 10
\BOOKMARK [2][]{subsection.2.2.1}{\376\377\000\062\000\056\000\062\000\056\000\061\000\040\000\103\174\173\127\213\116\011\153\041\000\106\000\055\000\102\000\172\000\151\000\145\000\162\146\362\176\277}{section.2.2}% 11
\BOOKMARK [0][]{chapter.3}{\376\377\000\040\173\054\000\063\172\340\000\040\143\322\126\376}{}% 12
\BOOKMARK [1][]{section.3.1}{\376\377\000\063\000\056\000\061\000\040\131\032\136\105\126\376\162\107\166\204\165\037\142\020\145\271\137\017}{chapter.3}% 13
\BOOKMARK [0][]{chapter.4}{\376\377\000\040\173\054\000\064\172\340\000\040\121\166\116\326}{}% 14
\BOOKMARK [1][]{section.4.1}{\376\377\000\064\000\056\000\061\000\040\137\025\165\050}{chapter.4}% 15
\BOOKMARK [1][]{section.4.2}{\376\377\000\064\000\056\000\062\000\040\123\302\200\003\145\207\163\056}{chapter.4}% 16
\BOOKMARK [0][]{chapter.5}{\376\377\000\040\173\054\000\065\172\340\000\040\140\073\176\323\116\016\134\125\147\033}{}% 17
\BOOKMARK [0][]{section*.6}{\376\377\123\302\200\003\145\207\163\056}{}% 18
\BOOKMARK [0][]{chapter*.8}{\376\377\117\134\200\005\127\050\213\373\170\024\147\037\225\364\133\214\142\020\166\204\145\207\172\340\166\356\137\125}{}% 19
\BOOKMARK [0][]{chapter*.9}{\376\377\201\364\214\042}{}% 20
